[debug] [2024-09-07T16:48:22.321Z] ----------------------------------------------------------------------
[debug] [2024-09-07T16:48:22.324Z] Command:       C:\Program Files\nodejs\node.exe C:\Users\matte\AppData\Roaming\npm\node_modules\firebase-tools\lib\bin\firebase.js init
[debug] [2024-09-07T16:48:22.324Z] CLI Version:   13.16.0
[debug] [2024-09-07T16:48:22.324Z] Platform:      win32
[debug] [2024-09-07T16:48:22.324Z] Node Version:  v20.12.1
[debug] [2024-09-07T16:48:22.324Z] Time:          Sat Sep 07 2024 18:48:22 GMT+0200 (Ora legale dell’Europa centrale)
[debug] [2024-09-07T16:48:22.325Z] ----------------------------------------------------------------------
[debug] 
[debug] [2024-09-07T16:48:22.334Z] > command requires scopes: ["email","openid","https://www.googleapis.com/auth/cloudplatformprojects.readonly","https://www.googleapis.com/auth/firebase","https://www.googleapis.com/auth/cloud-platform"]
[debug] [2024-09-07T16:48:22.334Z] > authorizing via signed-in user (matteo.capricci@gmail.com)
[info] 
     ######## #### ########  ######## ########     ###     ######  ########
     ##        ##  ##     ## ##       ##     ##  ##   ##  ##       ##
     ######    ##  ########  ######   ########  #########  ######  ######
     ##        ##  ##    ##  ##       ##     ## ##     ##       ## ##
     ##       #### ##     ## ######## ########  ##     ##  ######  ########

You're about to initialize a Firebase project in this directory:

  C:\Users\matte\Documents\Univaq-Magistrale\FEE\parkingreact

[info] 
=== Project Setup
[info] 
[info] First, let's associate this project directory with a Firebase project.
[info] You can create multiple project aliases by running firebase use --add, 
[info] but for now we'll just set up a default project.
[info] 
[debug] [2024-09-07T16:49:17.218Z] >>> [apiv2][query] GET https://firebase.googleapis.com/v1beta1/projects pageSize=100
[debug] [2024-09-07T16:49:17.817Z] <<< [apiv2][status] GET https://firebase.googleapis.com/v1beta1/projects 200
[debug] [2024-09-07T16:49:17.817Z] <<< [apiv2][body] GET https://firebase.googleapis.com/v1beta1/projects [omitted]
[info] i  Using project parking-11ff0 (ParKing) 
[info] 
=== Database Setup
[info] i  database: ensuring required API firebasedatabase.googleapis.com is enabled... 
[debug] [2024-09-07T16:49:20.198Z] >>> [apiv2][query] GET https://serviceusage.googleapis.com/v1/projects/parking-11ff0/services/firebasedatabase.googleapis.com [none]
[debug] [2024-09-07T16:49:20.198Z] >>> [apiv2][(partial)header] GET https://serviceusage.googleapis.com/v1/projects/parking-11ff0/services/firebasedatabase.googleapis.com x-goog-quota-user=projects/parking-11ff0
[debug] [2024-09-07T16:49:21.207Z] <<< [apiv2][status] GET https://serviceusage.googleapis.com/v1/projects/parking-11ff0/services/firebasedatabase.googleapis.com 200
[debug] [2024-09-07T16:49:21.207Z] <<< [apiv2][body] GET https://serviceusage.googleapis.com/v1/projects/parking-11ff0/services/firebasedatabase.googleapis.com [omitted]
[info] +  database: required API firebasedatabase.googleapis.com is enabled 
[info] 
[debug] [2024-09-07T16:49:21.209Z] >>> [apiv2][query] GET https://firebasedatabase.googleapis.com/v1beta/projects/parking-11ff0/locations/-/instances/parking-11ff0-default-rtdb [none]
[debug] [2024-09-07T16:49:22.175Z] <<< [apiv2][status] GET https://firebasedatabase.googleapis.com/v1beta/projects/parking-11ff0/locations/-/instances/parking-11ff0-default-rtdb 200
[debug] [2024-09-07T16:49:22.176Z] <<< [apiv2][body] GET https://firebasedatabase.googleapis.com/v1beta/projects/parking-11ff0/locations/-/instances/parking-11ff0-default-rtdb {"name":"projects/628164372688/locations/europe-west1/instances/parking-11ff0-default-rtdb","project":"projects/628164372688","databaseUrl":"https://parking-11ff0-default-rtdb.europe-west1.firebasedatabase.app","type":"DEFAULT_DATABASE","state":"ACTIVE"}
[info] 
[info] Firebase Realtime Database Security Rules allow you to define how your data should be
[info] structured and when your data can be read from and written to.
[info] 
[debug] [2024-09-07T16:49:26.454Z] >>> [apiv2][query] GET https://parking-11ff0-default-rtdb.europe-west1.firebasedatabase.app/.settings/rules.json [none]
[debug] [2024-09-07T16:49:26.647Z] <<< [apiv2][status] GET https://parking-11ff0-default-rtdb.europe-west1.firebasedatabase.app/.settings/rules.json 200
[debug] [2024-09-07T16:49:26.648Z] <<< [apiv2][body] GET https://parking-11ff0-default-rtdb.europe-west1.firebasedatabase.app/.settings/rules.json [stream]
[info] +  Database Rules for parking-11ff0-default-rtdb have been written to database.rules.json. 
[info] Future modifications to database.rules.json will update Realtime Database Security Rules when you run
[info] firebase deploy.
[info] 
=== Firestore Setup
[debug] [2024-09-07T16:49:26.659Z] >>> [apiv2][query] GET https://serviceusage.googleapis.com/v1/projects/parking-11ff0/services/firestore.googleapis.com [none]
[debug] [2024-09-07T16:49:26.660Z] >>> [apiv2][(partial)header] GET https://serviceusage.googleapis.com/v1/projects/parking-11ff0/services/firestore.googleapis.com x-goog-quota-user=projects/parking-11ff0
[debug] [2024-09-07T16:49:27.691Z] <<< [apiv2][status] GET https://serviceusage.googleapis.com/v1/projects/parking-11ff0/services/firestore.googleapis.com 200
[debug] [2024-09-07T16:49:27.691Z] <<< [apiv2][body] GET https://serviceusage.googleapis.com/v1/projects/parking-11ff0/services/firestore.googleapis.com [omitted]
[debug] [2024-09-07T16:49:27.692Z] >>> [apiv2][query] GET https://firestore.googleapis.com/v1/projects/parking-11ff0/databases/(default) [none]
[debug] [2024-09-07T16:49:27.939Z] <<< [apiv2][status] GET https://firestore.googleapis.com/v1/projects/parking-11ff0/databases/(default) 200
[debug] [2024-09-07T16:49:27.939Z] <<< [apiv2][body] GET https://firestore.googleapis.com/v1/projects/parking-11ff0/databases/(default) {"name":"projects/parking-11ff0/databases/(default)","uid":"c88d9611-6671-4ea7-bf79-df3e5059d647","createTime":"2024-08-27T10:22:41.322854Z","updateTime":"2024-08-27T10:22:41.322854Z","locationId":"eur3","type":"FIRESTORE_NATIVE","concurrencyMode":"PESSIMISTIC","versionRetentionPeriod":"3600s","earliestVersionTime":"2024-09-07T15:49:25.738534Z","appEngineIntegrationMode":"DISABLED","keyPrefix":"e","pointInTimeRecoveryEnablement":"POINT_IN_TIME_RECOVERY_DISABLED","deleteProtectionState":"DELETE_PROTECTION_DISABLED","etag":"INbj0vOksYgDMIC79IX6lIgD"}
[debug] [2024-09-07T16:49:27.939Z] database_type: FIRESTORE_NATIVE
[debug] [2024-09-07T16:49:27.940Z] > command requires scopes: ["email","openid","https://www.googleapis.com/auth/cloudplatformprojects.readonly","https://www.googleapis.com/auth/firebase","https://www.googleapis.com/auth/cloud-platform"]
[debug] [2024-09-07T16:49:27.940Z] > authorizing via signed-in user (matteo.capricci@gmail.com)
[debug] [2024-09-07T16:49:27.940Z] [iam] checking project parking-11ff0 for permissions ["firebase.projects.get"]
[debug] [2024-09-07T16:49:27.941Z] >>> [apiv2][query] POST https://cloudresourcemanager.googleapis.com/v1/projects/parking-11ff0:testIamPermissions [none]
[debug] [2024-09-07T16:49:27.942Z] >>> [apiv2][(partial)header] POST https://cloudresourcemanager.googleapis.com/v1/projects/parking-11ff0:testIamPermissions x-goog-quota-user=projects/parking-11ff0
[debug] [2024-09-07T16:49:27.942Z] >>> [apiv2][body] POST https://cloudresourcemanager.googleapis.com/v1/projects/parking-11ff0:testIamPermissions {"permissions":["firebase.projects.get"]}
[debug] [2024-09-07T16:49:28.764Z] <<< [apiv2][status] POST https://cloudresourcemanager.googleapis.com/v1/projects/parking-11ff0:testIamPermissions 200
[debug] [2024-09-07T16:49:28.764Z] <<< [apiv2][body] POST https://cloudresourcemanager.googleapis.com/v1/projects/parking-11ff0:testIamPermissions {"permissions":["firebase.projects.get"]}
[info] 
[info] Firestore Security Rules allow you to define how and when to allow
[info] requests. You can keep these rules in your project directory
[info] and publish them with firebase deploy.
[info] 
[debug] [2024-09-07T16:49:31.618Z] >>> [apiv2][query] GET https://firebaserules.googleapis.com/v1/projects/parking-11ff0/releases pageSize=10&pageToken=
[debug] [2024-09-07T16:49:32.571Z] <<< [apiv2][status] GET https://firebaserules.googleapis.com/v1/projects/parking-11ff0/releases 200
[debug] [2024-09-07T16:49:32.572Z] <<< [apiv2][body] GET https://firebaserules.googleapis.com/v1/projects/parking-11ff0/releases {"releases":[{"name":"projects/parking-11ff0/releases/cloud.firestore","rulesetName":"projects/parking-11ff0/rulesets/0797a3aa-a9e4-4877-aa40-64716f5b2deb","createTime":"2024-08-27T10:22:46.707934Z","updateTime":"2024-08-27T15:06:30.615592Z"},{"name":"projects/parking-11ff0/releases/firebase.storage/parking-11ff0.appspot.com","rulesetName":"projects/parking-11ff0/rulesets/de3f8120-65c9-447c-ad05-8ad376bbf431","createTime":"2024-08-31T14:45:39.237997Z","updateTime":"2024-08-31T14:47:07.242236Z"}]}
[debug] [2024-09-07T16:49:32.587Z] Found ruleset: projects/parking-11ff0/rulesets/0797a3aa-a9e4-4877-aa40-64716f5b2deb
[debug] [2024-09-07T16:49:32.588Z] >>> [apiv2][query] GET https://firebaserules.googleapis.com/v1/projects/parking-11ff0/rulesets/0797a3aa-a9e4-4877-aa40-64716f5b2deb [none]
[debug] [2024-09-07T16:49:33.286Z] <<< [apiv2][status] GET https://firebaserules.googleapis.com/v1/projects/parking-11ff0/rulesets/0797a3aa-a9e4-4877-aa40-64716f5b2deb 200
[debug] [2024-09-07T16:49:33.286Z] <<< [apiv2][body] GET https://firebaserules.googleapis.com/v1/projects/parking-11ff0/rulesets/0797a3aa-a9e4-4877-aa40-64716f5b2deb [omitted]
[info] 
[info] Firestore indexes allow you to perform complex queries while
[info] maintaining performance that scales with the size of the result
[info] set. You can keep index definitions in your project directory
[info] and publish them with firebase deploy.
[info] 
[debug] [2024-09-07T16:49:34.506Z] >>> [apiv2][query] GET https://firestore.googleapis.com/v1/projects/parking-11ff0/databases/(default)/collectionGroups/-/indexes [none]
[debug] [2024-09-07T16:49:34.508Z] >>> [apiv2][query] GET https://firestore.googleapis.com/v1/projects/parking-11ff0/databases/(default)/collectionGroups/-/fields?filter=indexConfig.usesAncestorConfig=false OR ttlConfig:* [none]
[debug] [2024-09-07T16:49:34.760Z] <<< [apiv2][status] GET https://firestore.googleapis.com/v1/projects/parking-11ff0/databases/(default)/collectionGroups/-/fields?filter=indexConfig.usesAncestorConfig=false OR ttlConfig:* 200
[debug] [2024-09-07T16:49:34.760Z] <<< [apiv2][body] GET https://firestore.googleapis.com/v1/projects/parking-11ff0/databases/(default)/collectionGroups/-/fields?filter=indexConfig.usesAncestorConfig=false OR ttlConfig:* {"fields":[{"name":"projects/parking-11ff0/databases/(default)/collectionGroups/__default__/fields/*","indexConfig":{"indexes":[{"queryScope":"COLLECTION","fields":[{"fieldPath":"*","order":"ASCENDING"}],"state":"READY"},{"queryScope":"COLLECTION","fields":[{"fieldPath":"*","order":"DESCENDING"}],"state":"READY"},{"queryScope":"COLLECTION","fields":[{"fieldPath":"*","arrayConfig":"CONTAINS"}],"state":"READY"}]}}]}
[debug] [2024-09-07T16:49:34.763Z] <<< [apiv2][status] GET https://firestore.googleapis.com/v1/projects/parking-11ff0/databases/(default)/collectionGroups/-/indexes 200
[debug] [2024-09-07T16:49:34.763Z] <<< [apiv2][body] GET https://firestore.googleapis.com/v1/projects/parking-11ff0/databases/(default)/collectionGroups/-/indexes {"indexes":[{"name":"projects/parking-11ff0/databases/(default)/collectionGroups/Parking/indexes/CICAgJim14AK","queryScope":"COLLECTION","fields":[{"fieldPath":"avg_rating","order":"ASCENDING"},{"fieldPath":"location.latitude","order":"ASCENDING"},{"fieldPath":"location.longitude","order":"ASCENDING"},{"fieldPath":"__name__","order":"ASCENDING"}],"state":"READY"},{"name":"projects/parking-11ff0/databases/(default)/collectionGroups/Parking/indexes/CICAgOjXh4EK","queryScope":"COLLECTION","fields":[{"fieldPath":"location.latitude","order":"ASCENDING"},{"fieldPath":"location.longitude","order":"ASCENDING"},{"fieldPath":"__name__","order":"ASCENDING"}],"state":"READY"},{"name":"projects/parking-11ff0/databases/(default)/collectionGroups/Parking/indexes/CICAgJj7z4EK","queryScope":"COLLECTION","fields":[{"fieldPath":"timePrice","order":"ASCENDING"},{"fieldPath":"location.latitude","order":"ASCENDING"},{"fieldPath":"location.longitude","order":"ASCENDING"},{"fieldPath":"__name__","order":"ASCENDING"}],"state":"READY"},{"name":"projects/parking-11ff0/databases/(default)/collectionGroups/Parking/indexes/CICAgJjF9oIK","queryScope":"COLLECTION","fields":[{"fieldPath":"avg_rating","order":"DESCENDING"},{"fieldPath":"location.latitude","order":"DESCENDING"},{"fieldPath":"location.longitude","order":"DESCENDING"},{"fieldPath":"__name__","order":"DESCENDING"}],"state":"READY"},{"name":"projects/parking-11ff0/databases/(default)/collectionGroups/Parking/indexes/CICAgJiUpoMK","queryScope":"COLLECTION","fields":[{"fieldPath":"timePrice","order":"DESCENDING"},{"fieldPath":"location.latitude","order":"DESCENDING"},{"fieldPath":"location.longitude","order":"DESCENDING"},{"fieldPath":"__name__","order":"DESCENDING"}],"state":"READY"}]}
[info] 
=== Hosting Setup
[debug] [2024-09-07T16:49:34.768Z] >>> [apiv2][query] GET https://firebase.googleapis.com/v1beta1/projects/parking-11ff0 [none]
[debug] [2024-09-07T16:49:35.105Z] <<< [apiv2][status] GET https://firebase.googleapis.com/v1beta1/projects/parking-11ff0 200
[debug] [2024-09-07T16:49:35.105Z] <<< [apiv2][body] GET https://firebase.googleapis.com/v1beta1/projects/parking-11ff0 {"projectId":"parking-11ff0","projectNumber":"628164372688","displayName":"ParKing","name":"projects/parking-11ff0","resources":{"hostingSite":"parking-11ff0","realtimeDatabaseInstance":"parking-11ff0-default-rtdb","storageBucket":"parking-11ff0.appspot.com","locationId":"europe-west"},"state":"ACTIVE","etag":"1_f7adf2f1-30ca-44e4-b2fc-aa4aa3607b46"}
[info] 
[info] Your public directory is the folder (relative to your project directory) that
[info] will contain Hosting assets to be uploaded with firebase deploy. If you
[info] have a build process for your assets, use your build's output directory.
[info] 
[debug] [2024-09-07T16:50:09.787Z] >>> [apiv2][query] GET https://www.gstatic.com/firebasejs/releases.json [none]
[debug] [2024-09-07T16:50:09.927Z] <<< [apiv2][status] GET https://www.gstatic.com/firebasejs/releases.json 200
[debug] [2024-09-07T16:50:09.927Z] <<< [apiv2][body] GET https://www.gstatic.com/firebasejs/releases.json {"current":{"version":"10.13.1","browserURL":"https://www.gstatic.com/firebasejs/10.13.1/firebase.js","packageURL":"https://www.gstatic.com/firebasejs/10.13.1/firebase.tgz"},"live":{"version":"10.13","browserURL":"https://www.gstatic.com/firebasejs/live/10.13/firebase.js","packageURL":"https://www.gstatic.com/firebasejs/live/10.13/firebase.tgz"},"components":{"analytics":"https://www.gstatic.com/firebasejs/10.13.1/firebase-analytics.js","app":"https://www.gstatic.com/firebasejs/10.13.1/firebase-app.js","app-check":"https://www.gstatic.com/firebasejs/10.13.1/firebase-app-check.js","auth":"https://www.gstatic.com/firebasejs/10.13.1/firebase-auth.js","auth/cordova":"https://www.gstatic.com/firebasejs/10.13.1/firebase-auth/cordova.js","auth/web-extension":"https://www.gstatic.com/firebasejs/10.13.1/firebase-auth/web-extension.js","functions":"https://www.gstatic.com/firebasejs/10.13.1/firebase-functions.js","firestore":"https://www.gstatic.com/firebasejs/10.13.1/firebase-firestore.js","firestore/lite":"https://www.gstatic.com/firebasejs/10.13.1/firebase-firestore/lite.js","installations":"https://www.gstatic.com/firebasejs/10.13.1/firebase-installations.js","storage":"https://www.gstatic.com/firebasejs/10.13.1/firebase-storage.js","performance":"https://www.gstatic.com/firebasejs/10.13.1/firebase-performance.js","remote-config":"https://www.gstatic.com/firebasejs/10.13.1/firebase-remote-config.js","messaging":"https://www.gstatic.com/firebasejs/10.13.1/firebase-messaging.js","messaging/sw":"https://www.gstatic.com/firebasejs/10.13.1/firebase-messaging/sw.js","database":"https://www.gstatic.com/firebasejs/10.13.1/firebase-database.js","vertexai-preview":"https://www.gstatic.com/firebasejs/10.13.1/firebase-vertexai-preview.js","firestore.memory":"https://www.gstatic.com/firebasejs/10.13.1/firebase-firestore.memory.js"}}
